<?xml version="1.0" encoding="utf-8"?><testsuites name="pytest tests"><testsuite name="pytest" errors="0" failures="0" skipped="0" tests="19" time="6.751" timestamp="2026-04-19T20:42:11.642982+00:00" hostname="agent-env-a0364a8f-3654-4c6f-a5ea-4b264d1b18e2"><testcase classname="backend.tests.test_mentormeup_api.TestHealth" name="test_health_returns_200" time="0.222" /><testcase classname="backend.tests.test_mentormeup_api.TestAuth" name="test_auth_me_without_token_returns_401" time="0.161" /><testcase classname="backend.tests.test_mentormeup_api.TestAuth" name="test_auth_me_with_valid_token" time="0.064" /><testcase classname="backend.tests.test_mentormeup_api.TestGoalsCRUD" name="test_list_goals_empty_or_existing" time="0.059" /><testcase classname="backend.tests.test_mentormeup_api.TestGoalsCRUD" name="test_create_goal_with_default_phases_and_tasks" time="0.067" /><testcase classname="backend.tests.test_mentormeup_api.TestGoalsCRUD" name="test_get_goals_includes_created_goal" time="0.056" /><testcase classname="backend.tests.test_mentormeup_api.TestGoalsCRUD" name="test_update_goal" time="0.057" /><testcase classname="backend.tests.test_mentormeup_api.TestGoalsCRUD" name="test_delete_goal" time="0.104" /><testcase classname="backend.tests.test_mentormeup_api.TestTaskToggle" name="test_create_goal_for_task_test" time="0.063" /><testcase classname="backend.tests.test_mentormeup_api.TestTaskToggle" name="test_toggle_task_completes_it" time="0.060" /><testcase classname="backend.tests.test_mentormeup_api.TestTaskToggle" name="test_toggle_task_uncompletes_it" time="0.056" /><testcase classname="backend.tests.test_mentormeup_api.TestTaskToggle" name="test_cleanup_task_test_goal" time="0.053" /><testcase classname="backend.tests.test_mentormeup_api.TestActivity" name="test_post_custom_activity" time="0.053" /><testcase classname="backend.tests.test_mentormeup_api.TestActivity" name="test_get_recent_activity" time="0.052" /><testcase classname="backend.tests.test_mentormeup_api.TestCoachChat" name="test_create_goal_for_coach_context" time="0.058" /><testcase classname="backend.tests.test_mentormeup_api.TestCoachChat" name="test_coach_chat_returns_real_reply" time="5.066" /><testcase classname="backend.tests.test_mentormeup_api.TestCoachChat" name="test_coach_history_returns_messages" time="0.051" /><testcase classname="backend.tests.test_mentormeup_api.TestCoachChat" name="test_cleanup_coach_test_goal" time="0.104" /><testcase classname="backend.tests.test_mentormeup_api.TestLogout" name="test_logout_clears_session" time="0.221" /></testsuite></testsuites>