<?xml version="1.0" encoding="utf-8"?><testsuites name="pytest tests"><testsuite name="pytest" errors="0" failures="7" skipped="0" tests="16" time="293.813" timestamp="2026-04-21T09:03:59.264418+00:00" hostname="agent-env-f190a8f5-f22b-4789-bcaa-0001ee603884"><testcase classname="backend.tests.test_session_b_paths.TestAuthEnforcement" name="test_build_options_requires_auth" time="60.146"><failure message="assert 502 == 401&#10; +  where 502 = &lt;Response [502]&gt;.status_code">backend/tests/test_session_b_paths.py:124: in test_build_options_requires_auth
    assert r.status_code == 401
E   assert 502 == 401
E    +  where 502 = &lt;Response [502]&gt;.status_code</failure></testcase><testcase classname="backend.tests.test_session_b_paths.TestAuthEnforcement" name="test_get_options_requires_auth" time="27.243" /><testcase classname="backend.tests.test_session_b_paths.TestAuthEnforcement" name="test_select_option_requires_auth" time="0.207" /><testcase classname="backend.tests.test_session_b_paths.TestAuthEnforcement" name="test_other_users_goal_returns_404" time="0.244" /><testcase classname="backend.tests.test_session_b_paths.TestOptionsShapeValidation" name="test_seeded_options_returns_200_with_full_shape" time="0.139" /><testcase classname="backend.tests.test_session_b_paths.TestOptionsShapeValidation" name="test_path_name_guardrail_no_jargon" time="0.043" /><testcase classname="backend.tests.test_session_b_paths.TestBuildOptionsCacheHit" name="test_build_options_returns_cached_when_fresh" time="0.047"><failure message="AssertionError: Internal Server Error&#10;assert 500 == 200&#10; +  where 500 = &lt;Response [500]&gt;.status_code">backend/tests/test_session_b_paths.py:201: in test_build_options_returns_cached_when_fresh
    assert r.status_code == 200, r.text
E   AssertionError: Internal Server Error
E   assert 500 == 200
E    +  where 500 = &lt;Response [500]&gt;.status_code</failure></testcase><testcase classname="backend.tests.test_session_b_paths.TestBuildOptionsFromScratch" name="test_options_not_ready_initially" time="0.048" /><testcase classname="backend.tests.test_session_b_paths.TestBuildOptionsFromScratch" name="test_build_options_kicks_off_generation" time="0.052" /><testcase classname="backend.tests.test_session_b_paths.TestBuildOptionsFromScratch" name="test_poll_until_options_ready" time="66.135"><failure message="Failed: Options never became ready (last status=502)">backend/tests/test_session_b_paths.py:251: in test_poll_until_options_ready
    pytest.fail(f"Options never became ready (last status={last_status})")
E   Failed: Options never became ready (last status=502)</failure></testcase><testcase classname="backend.tests.test_session_b_paths.TestBuildOptionsFromScratch" name="test_select_invalid_option_returns_400" time="18.037"><failure message="assert 502 == 400&#10; +  where 502 = &lt;Response [502]&gt;.status_code">backend/tests/test_session_b_paths.py:258: in test_select_invalid_option_returns_400
    assert r.status_code == 400
E   assert 502 == 400
E    +  where 502 = &lt;Response [502]&gt;.status_code</failure></testcase><testcase classname="backend.tests.test_session_b_paths.TestBuildOptionsFromScratch" name="test_select_first_option_kicks_off_path_build" time="0.000"><failure message="AssertionError: options_ready test must run first&#10;assert 'options' in {'client': &lt;requests.sessions.Session object at 0xffbefc9d7e50&gt;, 'goal_id': 'goal_4670f0fa', 'token': 'tok_bc30c35aa5e04339a9ae05d0d36ff2e7', 'user_id': 'user_2482b3e3'}">backend/tests/test_session_b_paths.py:261: in test_select_first_option_kicks_off_path_build
    assert "options" in fresh, "options_ready test must run first"
E   AssertionError: options_ready test must run first
E   assert 'options' in {'client': &lt;requests.sessions.Session object at 0xffbefc9d7e50&gt;, 'goal_id': 'goal_4670f0fa', 'token': 'tok_bc30c35aa5e04339a9ae05d0d36ff2e7', 'user_id': 'user_2482b3e3'}</failure></testcase><testcase classname="backend.tests.test_session_b_paths.TestBuildOptionsFromScratch" name="test_poll_until_path_built" time="121.245"><failure message="Failed: Path never built (last status=404)">backend/tests/test_session_b_paths.py:305: in test_poll_until_path_built
    pytest.fail(f"Path never built (last status={last})")
E   Failed: Path never built (last status=404)</failure></testcase><testcase classname="backend.tests.test_session_b_paths.TestBuildOptionsFromScratch" name="test_change_path_within_24h_reuses_tavily" time="0.000"><failure message="KeyError: 'options'">backend/tests/test_session_b_paths.py:309: in test_change_path_within_24h_reuses_tavily
    opts = fresh["options"]["options"]
           ^^^^^^^^^^^^^^^^
E   KeyError: 'options'</failure></testcase><testcase classname="backend.tests.test_session_b_paths.TestRegressionSmoke" name="test_goals_list" time="0.056" /><testcase classname="backend.tests.test_session_b_paths.TestRegressionSmoke" name="test_path_today" time="0.047" /></testsuite></testsuites>